-------------------- Log Start | Mon Mar  2 00:02:11 2026 --------------------
platform: Linux-6.1.21-v8+-aarch64-with-glibc2.31
data_path: /home/pi/printer_data
is_default_data_path: False
config_file: /home/pi/printer_data/config/moonraker.conf
backup_config: /home/pi/printer_data/config/.moonraker.conf.bkp
startup_warnings: []
verbose: False
debug: False
asyncio_debug: False
is_backup_config: False
is_python_package: True
instance_uuid: 199eeb74e8d64413ac8a94a81766c6ed
unix_socket_path: /home/pi/printer_data/comms/moonraker.sock
structured_logging: False
software_version: v0.10.0-9-g3fbe6ee
git_branch: master
git_remote: origin
git_repo_url: https://github.com/Arksine/moonraker.git
modified_files: []
unofficial_components: []
log_file: /home/pi/printer_data/logs/moonraker.log
python_version: 3.9.2 (default, Jan 24 2026, 09:41:14)  [GCC 10.2.1 20210110]
launch_args: /home/pi/moonraker-env/bin/python /home/pi/moonraker/moonraker/__main__.py -d /home/pi/printer_data
msgspec_enabled: False
uvloop_enabled: False

#################### Moonraker Configuration ####################

[server]
host = 0.0.0.0
port = 7125
max_upload_size = 1024
klippy_uds_address = ~/printer_data/comms/klippy.sock

[file_manager]
enable_object_processing = True

[authorization]
cors_domains = 
	https://my.mainsail.xyz
	http://my.mainsail.xyz
	http://*.local
	http://*.lan
trusted_clients = 
	10.0.0.0/8
	127.0.0.0/8
	169.254.0.0/16
	172.16.0.0/12
	192.168.0.0/16
	FE80::/10
	::1/128

[octoprint_compat]

[history]

[announcements]
subscriptions = 
	mainsail

[update_manager]
refresh_interval = 168
enable_auto_refresh = True

[update_manager mainsail]
type = web
channel = stable
repo = mainsail-crew/mainsail
path = ~/mainsail

[update_manager mainsail-config]
type = git_repo
primary_branch = master
path = ~/mainsail-config
origin = https://github.com/mainsail-crew/mainsail-config.git
managed_services = klipper

[update_manager timelapse]
type = git_repo
primary_branch = main
path = ~/moonraker-timelapse
origin = https://github.com/mainsail-crew/moonraker-timelapse.git
managed_services = klipper moonraker

[timelapse]
output_path = ~/timelapse/
ffmpeg_binary_path = /usr/bin/ffmpeg

[update_manager crowsnest]
type = git_repo
path = ~/crowsnest
origin = https://github.com/mainsail-crew/crowsnest.git
managed_services = crowsnest
install_script = tools/install.sh

[update_manager sonar]
type = git_repo
path = ~/sonar
origin = https://github.com/mainsail-crew/sonar.git
primary_branch = main
managed_services = sonar
install_script = tools/install.sh

[update_manager Klipper-Adaptive-Meshing-Purging]
type = git_repo
channel = dev
path = ~/Klipper-Adaptive-Meshing-Purging
origin = https://github.com/kyleisah/Klipper-Adaptive-Meshing-Purging.git
managed_services = klipper
primary_branch = main

[update_manager Klippain-ShakeTune]
type = git_repo
origin = https://github.com/Frix-x/klippain-shaketune.git
path = ~/klippain_shaketune
virtualenv = /home/pi/klippy-env
requirements = requirements.txt
system_dependencies = system-dependencies.json
primary_branch = main
managed_services = klipper

[update_manager klipper-backup]
type = git_repo
path = ~/klipper-backup
origin = https://github.com/Staubgeborener/klipper-backup.git
managed_services = moonraker
primary_branch = main

[update_manager Katapult]
type = git_repo
path = ~/katapult
origin = https://github.com/Arksine/katapult.git
is_system_service = False

#################################################################
All Configuration Files:
/home/pi/printer_data/config/moonraker.conf
#################################################################
Loading Sqlite database provider. Sqlite Version: 3.34.1
Unsafe Shutdown Count: 30

System Info:

***python***
  version: (3, 9, 2, 'final', 0)
  version_string: 3.9.2 (default, Jan 24 2026, 09:41:14)  [GCC 10.2.1 20210110]

***cpu_info***
  cpu_count: 4
  bits: 32bit
  processor: aarch64
  cpu_desc: 
  serial_number: 1000000037125eb0
  hardware_desc: BCM2835
  model: Raspberry Pi 4 Model B Rev 1.5
  total_memory: 1713732
  memory_units: kB

***sd_info***
  manufacturer_id: 03
  manufacturer: Sandisk
  oem_id: 5344
  product_name: SC128
  product_revision: 8.0
  serial_number: 5df7b2c6
  manufacturer_date: 6/2019
  capacity: 119.1 GiB
  total_bytes: 127865454592

***distribution***
  name: Raspbian GNU/Linux 11 (bullseye)
  id: raspbian
  version: 11
  version_parts: {'major': '11', 'minor': '', 'build_number': ''}
  like: debian
  codename: bullseye
  release_info: {'name': 'MainsailOS', 'version_id': '1.2.1', 'codename': 'bullseye', 'id': 'mainsailos'}
  kernel_version: 6.1.21-v8+

***virtualization***
  virt_type: none
  virt_identifier: none

***network***

***canbus***

***Allowed Services***
  klipper_mcu
  webcamd
  MoonCord
  KlipperScreen
  moonraker-telegram-bot
  moonraker-obico
  sonar
  crowsnest
  octoeverywhere
  ratos-configurator
Found libcamera Python module, version: v0.0.5+83-bde9b04f

Systemd unit moonraker.service:
unit_name: moonraker.service
is_default: True
manager: systemd
Properties:
**Requires=['network-online.target', 'sysinit.target', 'system.slice']
**After=['basic.target', 'sysinit.target', 'systemd-journald.socket', 'klipper.service', 'system.slice', 'network-online.target']
**SupplementaryGroups=['moonraker-admin']
**EnvironmentFiles=/home/pi/printer_data/systemd/moonraker.env
**ExecStart=/home/pi/moonraker-env/bin/python $MOONRAKER_ARGS
**WorkingDirectory=
**FragmentPath=/etc/systemd/system/moonraker.service
**Description=API Server for Klipper SV1
**User=pi

Systemd unit klipper.service:
unit_name: klipper.service
is_default: True
manager: systemd
Properties:
**Requires=['sysinit.target', 'system.slice', '-.mount']
**After=['basic.target', 'sysinit.target', 'systemd-journald.socket', 'system.slice', '-.mount', 'network-online.target']
**SupplementaryGroups=[]
**EnvironmentFiles=/home/pi/printer_data/systemd/klipper.env
**ExecStart=/home/pi/klippy-env/bin/python $KLIPPER_ARGS
**WorkingDirectory=/home/pi/klipper
**FragmentPath=/etc/systemd/system/klipper.service
**Description=Klipper 3D Printer Firmware SV1
**User=pi
Git Repo moonraker: Warnings detected:
  Repo has untracked source files: ['moonraker/components/timelapse.py']
Git Repo klipper: No warnings detected
Git Repo mainsail-config: No warnings detected
Git Repo timelapse: No warnings detected
Git Repo crowsnest: No warnings detected
Git Repo sonar: No warnings detected
Git Repo Klipper-Adaptive-Meshing-Purging: No warnings detected
Git Repo Klippain-ShakeTune: No warnings detected
Git Repo klipper-backup: No warnings detected
Git Repo Katapult: No warnings detected
Klipper Version: v0.13.0-557-g54c7b65d
2026-03-02 00:02:11,565 [application.py:log_request()] - 101 GET /websocket (192.168.11.192) [_TRUSTED_USER_] 4.38ms
2026-03-02 00:02:11,566 [websockets.py:open()] - Websocket Opened: ID: 4057363096, Proxied: True, User Agent: Mozilla/5.0 (Macintosh; Intel Mac OS X 10_15_7) AppleWebKit/605.1.15 (KHTML, like Gecko) Version/17.6 Safari/605.1.15, Host Name: affogato.local
2026-03-02 00:02:11,571 [websockets.py:_handle_identify()] - Websocket 4057363096 Client Identified - Name: mainsail, Version: 2.17.0, Type: web
2026-03-02 00:30:41,908 [websockets.py:write_to_socket()] - Websocket closed while writing: 4057363096
2026-03-02 00:30:46,909 [websockets.py:on_close()] - Websocket Closed: ID: 4057363096 Close Code: None, Close Reason: None, Pong Time Elapsed: 25.00
2026-03-02 00:42:42,878 [application.py:log_request()] - 101 GET /websocket (192.168.11.192) [_TRUSTED_USER_] 4.92ms
2026-03-02 00:42:42,878 [websockets.py:open()] - Websocket Opened: ID: 4057366144, Proxied: True, User Agent: Mozilla/5.0 (Macintosh; Intel Mac OS X 10_15_7) AppleWebKit/605.1.15 (KHTML, like Gecko) Version/17.6 Safari/605.1.15, Host Name: affogato.local
2026-03-02 00:42:42,883 [websockets.py:_handle_identify()] - Websocket 4057366144 Client Identified - Name: mainsail, Version: 2.17.0, Type: web
2026-03-02 00:58:23,306 [websockets.py:write_to_socket()] - Websocket closed while writing: 4057366144
2026-03-02 00:58:28,059 [websockets.py:on_close()] - Websocket Closed: ID: 4057366144 Close Code: None, Close Reason: None, Pong Time Elapsed: 25.00
2026-03-02 01:28:48,792 [application.py:log_request()] - 101 GET /websocket (192.168.11.192) [_TRUSTED_USER_] 5.67ms
2026-03-02 01:28:48,793 [websockets.py:open()] - Websocket Opened: ID: 4057365952, Proxied: True, User Agent: Mozilla/5.0 (Macintosh; Intel Mac OS X 10_15_7) AppleWebKit/605.1.15 (KHTML, like Gecko) Version/17.6 Safari/605.1.15, Host Name: affogato.local
2026-03-02 01:28:48,799 [websockets.py:_handle_identify()] - Websocket 4057365952 Client Identified - Name: mainsail, Version: 2.17.0, Type: web
2026-03-02 01:29:08,832 [websockets.py:write_to_socket()] - Websocket closed while writing: 4057365952
2026-03-02 01:29:13,801 [websockets.py:on_close()] - Websocket Closed: ID: 4057365952 Close Code: None, Close Reason: None, Pong Time Elapsed: 25.01
2026-03-02 01:44:46,492 [application.py:log_request()] - 101 GET /websocket (192.168.11.192) [_TRUSTED_USER_] 5.95ms
2026-03-02 01:44:46,493 [websockets.py:open()] - Websocket Opened: ID: 4057364440, Proxied: True, User Agent: Mozilla/5.0 (Macintosh; Intel Mac OS X 10_15_7) AppleWebKit/605.1.15 (KHTML, like Gecko) Version/17.6 Safari/605.1.15, Host Name: affogato.local
2026-03-02 01:44:46,500 [websockets.py:_handle_identify()] - Websocket 4057364440 Client Identified - Name: mainsail, Version: 2.17.0, Type: web
2026-03-02 01:45:26,603 [websockets.py:write_to_socket()] - Websocket closed while writing: 4057364440
2026-03-02 01:45:31,505 [websockets.py:on_close()] - Websocket Closed: ID: 4057364440 Close Code: None, Close Reason: None, Pong Time Elapsed: 25.00
2026-03-02 02:14:31,055 [application.py:log_request()] - 101 GET /websocket (192.168.11.192) [_TRUSTED_USER_] 5.04ms
2026-03-02 02:14:31,056 [websockets.py:open()] - Websocket Opened: ID: 4057363672, Proxied: True, User Agent: Mozilla/5.0 (Macintosh; Intel Mac OS X 10_15_7) AppleWebKit/605.1.15 (KHTML, like Gecko) Version/17.6 Safari/605.1.15, Host Name: affogato.local
2026-03-02 02:14:31,061 [websockets.py:_handle_identify()] - Websocket 4057363672 Client Identified - Name: mainsail, Version: 2.17.0, Type: web
2026-03-02 02:30:31,455 [websockets.py:write_to_socket()] - Websocket closed while writing: 4057363672
2026-03-02 02:30:36,258 [websockets.py:on_close()] - Websocket Closed: ID: 4057363672 Close Code: None, Close Reason: None, Pong Time Elapsed: 25.00
2026-03-02 03:00:55,725 [application.py:log_request()] - 101 GET /websocket (192.168.11.192) [_TRUSTED_USER_] 4.63ms
2026-03-02 03:00:55,726 [websockets.py:open()] - Websocket Opened: ID: 4057365760, Proxied: True, User Agent: Mozilla/5.0 (Macintosh; Intel Mac OS X 10_15_7) AppleWebKit/605.1.15 (KHTML, like Gecko) Version/17.6 Safari/605.1.15, Host Name: affogato.local
2026-03-02 03:00:55,733 [websockets.py:_handle_identify()] - Websocket 4057365760 Client Identified - Name: mainsail, Version: 2.17.0, Type: web
2026-03-02 03:01:25,829 [websockets.py:write_to_socket()] - Websocket closed while writing: 4057365760
2026-03-02 03:01:30,733 [websockets.py:on_close()] - Websocket Closed: ID: 4057365760 Close Code: None, Close Reason: None, Pong Time Elapsed: 24.95
2026-03-02 03:59:59,780 [application.py:log_request()] - 101 GET /websocket (192.168.11.192) [_TRUSTED_USER_] 5.06ms
2026-03-02 03:59:59,781 [websockets.py:open()] - Websocket Opened: ID: 4057364824, Proxied: True, User Agent: Mozilla/5.0 (Macintosh; Intel Mac OS X 10_15_7) AppleWebKit/605.1.15 (KHTML, like Gecko) Version/17.6 Safari/605.1.15, Host Name: affogato.local
2026-03-02 03:59:59,789 [websockets.py:_handle_identify()] - Websocket 4057364824 Client Identified - Name: mainsail, Version: 2.17.0, Type: web
2026-03-02 04:16:00,195 [websockets.py:write_to_socket()] - Websocket closed while writing: 4057364824
2026-03-02 04:16:04,974 [websockets.py:on_close()] - Websocket Closed: ID: 4057364824 Close Code: None, Close Reason: None, Pong Time Elapsed: 24.90
2026-03-02 04:35:45,922 [application.py:log_request()] - 101 GET /websocket (192.168.11.192) [_TRUSTED_USER_] 2.19ms
2026-03-02 04:35:45,923 [websockets.py:open()] - Websocket Opened: ID: 4057362880, Proxied: True, User Agent: Mozilla/5.0 (Macintosh; Intel Mac OS X 10_15_7) AppleWebKit/605.1.15 (KHTML, like Gecko) Version/17.6 Safari/605.1.15, Host Name: affogato.local
2026-03-02 04:35:45,926 [websockets.py:_handle_identify()] - Websocket 4057362880 Client Identified - Name: mainsail, Version: 2.17.0, Type: web
2026-03-02 04:36:36,072 [websockets.py:write_to_socket()] - Websocket closed while writing: 4057362880
2026-03-02 04:36:40,937 [websockets.py:on_close()] - Websocket Closed: ID: 4057362880 Close Code: None, Close Reason: None, Pong Time Elapsed: 25.00
2026-03-02 05:00:16,944 [application.py:log_request()] - 101 GET /websocket (192.168.11.192) [_TRUSTED_USER_] 4.74ms
2026-03-02 05:00:16,945 [websockets.py:open()] - Websocket Opened: ID: 4057365088, Proxied: True, User Agent: Mozilla/5.0 (Macintosh; Intel Mac OS X 10_15_7) AppleWebKit/605.1.15 (KHTML, like Gecko) Version/17.6 Safari/605.1.15, Host Name: affogato.local
2026-03-02 05:00:16,983 [websockets.py:_handle_identify()] - Websocket 4057365088 Client Identified - Name: mainsail, Version: 2.17.0, Type: web
2026-03-02 05:01:07,017 [websockets.py:write_to_socket()] - Websocket closed while writing: 4057365088
2026-03-02 05:01:11,957 [websockets.py:on_close()] - Websocket Closed: ID: 4057365088 Close Code: None, Close Reason: None, Pong Time Elapsed: 25.00
2026-03-02 05:19:00,776 [application.py:log_request()] - 101 GET /websocket (192.168.11.192) [_TRUSTED_USER_] 5.03ms
2026-03-02 05:19:00,777 [websockets.py:open()] - Websocket Opened: ID: 4057366120, Proxied: True, User Agent: Mozilla/5.0 (Macintosh; Intel Mac OS X 10_15_7) AppleWebKit/605.1.15 (KHTML, like Gecko) Version/17.6 Safari/605.1.15, Host Name: affogato.local
2026-03-02 05:19:00,785 [websockets.py:_handle_identify()] - Websocket 4057366120 Client Identified - Name: mainsail, Version: 2.17.0, Type: web
2026-03-02 05:24:30,955 [websockets.py:write_to_socket()] - Websocket closed while writing: 4057366120
2026-03-02 05:24:35,849 [websockets.py:on_close()] - Websocket Closed: ID: 4057366120 Close Code: None, Close Reason: None, Pong Time Elapsed: 25.00
2026-03-02 05:42:10,861 [application.py:log_request()] - 101 GET /websocket (192.168.11.192) [_TRUSTED_USER_] 4.42ms
2026-03-02 05:42:10,861 [websockets.py:open()] - Websocket Opened: ID: 4057362856, Proxied: True, User Agent: Mozilla/5.0 (Macintosh; Intel Mac OS X 10_15_7) AppleWebKit/605.1.15 (KHTML, like Gecko) Version/17.6 Safari/605.1.15, Host Name: affogato.local
2026-03-02 05:42:10,871 [websockets.py:_handle_identify()] - Websocket 4057362856 Client Identified - Name: mainsail, Version: 2.17.0, Type: web
2026-03-02 05:43:00,883 [websockets.py:write_to_socket()] - Websocket closed while writing: 4057362856
2026-03-02 05:43:05,874 [websockets.py:on_close()] - Websocket Closed: ID: 4057362856 Close Code: None, Close Reason: None, Pong Time Elapsed: 25.00
2026-03-02 06:20:42,800 [application.py:log_request()] - 101 GET /websocket (192.168.11.192) [_TRUSTED_USER_] 4.45ms
2026-03-02 06:20:42,801 [websockets.py:open()] - Websocket Opened: ID: 4057363120, Proxied: True, User Agent: Mozilla/5.0 (Macintosh; Intel Mac OS X 10_15_7) AppleWebKit/605.1.15 (KHTML, like Gecko) Version/17.6 Safari/605.1.15, Host Name: affogato.local
2026-03-02 06:20:42,811 [websockets.py:_handle_identify()] - Websocket 4057363120 Client Identified - Name: mainsail, Version: 2.17.0, Type: web
2026-03-02 06:21:22,867 [websockets.py:write_to_socket()] - Websocket closed while writing: 4057363120
2026-03-02 06:21:27,811 [websockets.py:on_close()] - Websocket Closed: ID: 4057363120 Close Code: None, Close Reason: None, Pong Time Elapsed: 25.00
2026-03-02 07:01:08,763 [application.py:log_request()] - 101 GET /websocket (192.168.11.192) [_TRUSTED_USER_] 4.45ms
2026-03-02 07:01:08,764 [websockets.py:open()] - Websocket Opened: ID: 4057364848, Proxied: True, User Agent: Mozilla/5.0 (Macintosh; Intel Mac OS X 10_15_7) AppleWebKit/605.1.15 (KHTML, like Gecko) Version/17.6 Safari/605.1.15, Host Name: affogato.local
2026-03-02 07:01:08,786 [websockets.py:_handle_identify()] - Websocket 4057364848 Client Identified - Name: mainsail, Version: 2.17.0, Type: web
2026-03-02 07:02:08,871 [websockets.py:write_to_socket()] - Websocket closed while writing: 4057364848
2026-03-02 07:02:13,778 [websockets.py:on_close()] - Websocket Closed: ID: 4057364848 Close Code: None, Close Reason: None, Pong Time Elapsed: 25.00
